<?xml version="1.0" encoding="UTF-8"?>
<!-- Generated by org.testng.reporters.JUnitReportReporter -->
<testsuite hostname="DESKTOP-8OSH69I" failures="0" tests="1" name="tests.LoginDisableEmptyFields" time="4.846" errors="0" timestamp="2025-07-30T20:17:38 IST" skipped="0">
  <testcase classname="tests.LoginDisableEmptyFields" name="loginDisableEmptyFields" time="4.846"/>
</testsuite> <!-- tests.LoginDisableEmptyFields -->
