<?xml version="1.0" encoding="UTF-8"?>
<!-- Generated by org.testng.reporters.JUnitReportReporter -->
<testsuite hostname="DESKTOP-8OSH69I" failures="0" tests="1" name="tests.ValidatePageElements" time="13.534" errors="0" timestamp="2025-07-30T20:35:10 IST" skipped="0">
  <testcase classname="tests.ValidatePageElements" name="validatePageElements" time="13.534"/>
</testsuite> <!-- tests.ValidatePageElements -->
