<?xml version="1.0" encoding="UTF-8"?>
<!-- Generated by org.testng.reporters.JUnitReportReporter -->
<testsuite hostname="DESKTOP-8OSH69I" failures="0" tests="1" name="tests.LoginUisngRandomCredentials" time="20.285" errors="0" timestamp="2025-07-30T20:01:21 IST" skipped="0">
  <testcase classname="tests.LoginUisngRandomCredentials" name="loginUisngRandomCredentials" time="20.285"/>
</testsuite> <!-- tests.LoginUisngRandomCredentials -->
